<?xml version="1.0" encoding="utf-8"?><testsuites name="pytest tests"><testsuite name="pytest" errors="0" failures="0" skipped="0" tests="16" time="8.604" timestamp="2026-01-22T23:24:35.637057+00:00" hostname="agent-env-18f2d2d2-54a4-4822-a59b-b011262acf62"><testcase classname="backend.tests.test_relocal_features.TestQRCodeRedirect" name="test_qr_scan_returns_303_redirect" time="0.396" /><testcase classname="backend.tests.test_relocal_features.TestQRCodeRedirect" name="test_qr_scan_redirects_to_correct_url" time="0.767" /><testcase classname="backend.tests.test_relocal_features.TestQRCodeRedirect" name="test_qr_scan_invalid_code_returns_404" time="0.458" /><testcase classname="backend.tests.test_relocal_features.TestProductAccessWithoutLogin" name="test_product_endpoint_accessible_without_auth" time="0.454" /><testcase classname="backend.tests.test_relocal_features.TestProductAccessWithoutLogin" name="test_product_returns_correct_data" time="0.351" /><testcase classname="backend.tests.test_relocal_features.TestProductAccessWithoutLogin" name="test_product_not_found_returns_404" time="0.449" /><testcase classname="backend.tests.test_relocal_features.TestRegistrationWithFullName" name="test_register_with_full_name" time="0.686" /><testcase classname="backend.tests.test_relocal_features.TestRegistrationWithFullName" name="test_register_without_full_name" time="0.570" /><testcase classname="backend.tests.test_relocal_features.TestRegistrationWithFullName" name="test_register_duplicate_email_fails" time="0.342" /><testcase classname="backend.tests.test_relocal_features.TestLoginFlow" name="test_login_tourist_success" time="0.572" /><testcase classname="backend.tests.test_relocal_features.TestLoginFlow" name="test_login_shopkeeper_success" time="0.696" /><testcase classname="backend.tests.test_relocal_features.TestLoginFlow" name="test_login_invalid_credentials_fails" time="0.569" /><testcase classname="backend.tests.test_relocal_features.TestShopkeeperQRGeneration" name="test_qr_generate_requires_auth" time="0.344" /><testcase classname="backend.tests.test_relocal_features.TestShopkeeperQRGeneration" name="test_qr_generate_returns_image" time="1.047" /><testcase classname="backend.tests.test_relocal_features.TestShopProducts" name="test_get_shop_products_public" time="0.342" /><testcase classname="backend.tests.test_relocal_features.TestShopProducts" name="test_shop_products_contain_test_product" time="0.447" /></testsuite></testsuites>